<?xml version="1.0" encoding="UTF-8"?>
<testsuites name="New Test Suite" time="44" tests="0" failures="1" errors="0">
   <testsuite name="New Test Suite" tests="0" failures="1" errors="0" time="44" timestamp="2018-04-08 14:09:11" hostname="JENKINS$ - 192.168.10.15" id="Test Suites/New Test Suite">
      <properties>
         <property name="deviceName" value=""/>
         <property name="devicePlatform" value=""/>
         <property name="logFolder" value="C:\\Users\\Administrator\\Katalon Studio\\Test\\Reports\\New Test Suite\\20180408_140906"/>
         <property name="logFiles" value="C:\\Users\\Administrator\\Katalon Studio\\Test\\Reports\\New Test Suite\\20180408_140906\\execution0.log, C:\\Users\\Administrator\\Katalon Studio\\Test\\Reports\\New Test Suite\\20180408_140906\\IEDriverServer.log"/>
         <property name="attachments" value=""/>
         <property name="hostName" value="JENKINS$ - 192.168.10.15"/>
         <property name="os" value="Windows Server 2012 R2 64bit"/>
         <property name="katalonVersion" value="5.3.1.1"/>
         <property name="browser" value="IE 11"/>
         <property name="hostAddress" value="192.168.10.15"/>
         <property name="sessionId" value="c85dedf6-bcbd-4d4f-ae8c-4de8c2e81c9f"/>
         <property name="seleniumVersion" value="3.7.1"/>
         <property name="proxyInformation" value="ProxyInformation{proxyOption=NO_PROXY, proxyServerType=HTTP, password=, proxyServerAddress=, proxyServerPort=0}"/>
         <property name="platform" value="Windows Server 2012 R2"/>
      </properties>
      <testcase name="Test Cases/New Test Case (1)" classname="Test Cases/New Test Case (1)" status="FAILED">
         <failure type="FAILED" message="Unable to verify object 'Object Repository/Test/Page_Alloy - collaboration communic/a_Start' is present (Root cause: org.openqa.selenium.NoSuchWindowException: Unable to find elements on closed window
Build info: version: '3.7.1', revision: '8a0099a', time: '2017-11-06T21:07:36.161Z'
System info: host: 'JENKINS', ip: '192.168.10.15', os.name: 'Windows Server 2012 R2', os.arch: 'amd64', os.version: '6.3', java.version: '1.8.0_102'
Driver info: com.kms.katalon.selenium.driver.CInternetExplorerDriver
Capabilities {acceptInsecureCerts: false, browserName: internet explorer, browserVersion: 11, javascriptEnabled: true, pageLoadStrategy: normal, platform: WINDOWS, platformName: WINDOWS, se:ieOptions: {browserAttachTimeout: 0, elementScrollBehavior: 0, enablePersistentHover: true, ie.browserCommandLineSwitches: , ie.ensureCleanSession: false, ie.fileUploadDialogTimeout: 3000, ie.forceCreateProcessApi: false, ignoreProtectedModeSettings: false, ignoreZoomSetting: false, initialBrowserUrl: http://localhost:27522/, nativeEvents: true, requireWindowFocus: false}, setWindowRect: true}
Session ID: c85dedf6-bcbd-4d4f-ae8c-4de8c2e81c9f
*** Element info: {Using=xpath, value=//a[@href = '/en/' and (text() = 'Start' or . = 'Start')]})"/>
         <system-out><![CDATA[2018-04-08 14:09:12 - [TEST_CASE][FAILED] - Test Cases/New Test Case (1): Test Cases/New Test Case (1) FAILED because (of) Unable to verify object 'Object Repository/Test/Page_Alloy - collaboration communic/a_Start' is present (Root cause: org.openqa.selenium.NoSuchWindowException: Unable to find elements on closed window
Build info: version: '3.7.1', revision: '8a0099a', time: '2017-11-06T21:07:36.161Z'
System info: host: 'JENKINS', ip: '192.168.10.15', os.name: 'Windows Server 2012 R2', os.arch: 'amd64', os.version: '6.3', java.version: '1.8.0_102'
Driver info: com.kms.katalon.selenium.driver.CInternetExplorerDriver
Capabilities {acceptInsecureCerts: false, browserName: internet explorer, browserVersion: 11, javascriptEnabled: true, pageLoadStrategy: normal, platform: WINDOWS, platformName: WINDOWS, se:ieOptions: {browserAttachTimeout: 0, elementScrollBehavior: 0, enablePersistentHover: true, ie.browserCommandLineSwitches: , ie.ensureCleanSession: false, ie.fileUploadDialogTimeout: 3000, ie.forceCreateProcessApi: false, ignoreProtectedModeSettings: false, ignoreZoomSetting: false, initialBrowserUrl: http://localhost:27522/, nativeEvents: true, requireWindowFocus: false}, setWindowRect: true}
Session ID: c85dedf6-bcbd-4d4f-ae8c-4de8c2e81c9f
*** Element info: {Using=xpath, value=//a[@href = '/en/' and (text() = 'Start' or . = 'Start')]})

2018-04-08 14:09:13 - [TEST_STEP][PASSED] - openBrowser: Browser is opened with url: ''

2018-04-08 14:09:18 - [MESSAGE][PASSED] - Browser is opened with url: ''

2018-04-08 14:09:18 - [TEST_STEP][PASSED] - navigateToUrl: Navigate to 'http://194.47.174.53/' successfully

2018-04-08 14:09:52 - [MESSAGE][PASSED] - Navigate to 'http://194.47.174.53/' successfully

2018-04-08 14:09:52 - [TEST_STEP][PASSED] - setViewPortSize: Viewport is set to new size with width = 1024 and height = 768

2018-04-08 14:09:52 - [MESSAGE][PASSED] - Viewport is set to new size with width = 1024 and height = 768

2018-04-08 14:09:52 - [TEST_STEP][PASSED] - click: Object: 'Object Repository/Test/Page_Alloy - collaboration communic/a_Alloy Plan' is clicked on

2018-04-08 14:09:53 - [MESSAGE][PASSED] - Object: 'Object Repository/Test/Page_Alloy - collaboration communic/a_Alloy Plan' is clicked on

2018-04-08 14:09:53 - [TEST_STEP][PASSED] - click: Object: 'Object Repository/Test/Page_Alloy - collaboration communic/a_Start' is clicked on

2018-04-08 14:09:54 - [MESSAGE][PASSED] - Object: 'Object Repository/Test/Page_Alloy - collaboration communic/a_Start' is clicked on

2018-04-08 14:09:54 - [TEST_STEP][FAILED] - verifyElementPresent: Unable to verify object 'Object Repository/Test/Page_Alloy - collaboration communic/a_Start' is present (Root cause: org.openqa.selenium.NoSuchWindowException: Unable to find elements on closed window
Build info: version: '3.7.1', revision: '8a0099a', time: '2017-11-06T21:07:36.161Z'
System info: host: 'JENKINS', ip: '192.168.10.15', os.name: 'Windows Server 2012 R2', os.arch: 'amd64', os.version: '6.3', java.version: '1.8.0_102'
Driver info: com.kms.katalon.selenium.driver.CInternetExplorerDriver
Capabilities {acceptInsecureCerts: false, browserName: internet explorer, browserVersion: 11, javascriptEnabled: true, pageLoadStrategy: normal, platform: WINDOWS, platformName: WINDOWS, se:ieOptions: {browserAttachTimeout: 0, elementScrollBehavior: 0, enablePersistentHover: true, ie.browserCommandLineSwitches: , ie.ensureCleanSession: false, ie.fileUploadDialogTimeout: 3000, ie.forceCreateProcessApi: false, ignoreProtectedModeSettings: false, ignoreZoomSetting: false, initialBrowserUrl: http://localhost:27522/, nativeEvents: true, requireWindowFocus: false}, setWindowRect: true}
Session ID: c85dedf6-bcbd-4d4f-ae8c-4de8c2e81c9f
*** Element info: {Using=xpath, value=//a[@href = '/en/' and (text() = 'Start' or . = 'Start')]})

2018-04-08 14:09:54 - [MESSAGE][WARNING] - Timeout '0' is invalid. Using default page load timeout: '30'

2018-04-08 14:09:54 - [MESSAGE][WARNING] - Cannot take screenshot

2018-04-08 14:09:54 - [MESSAGE][FAILED] - Unable to verify object 'Object Repository/Test/Page_Alloy - collaboration communic/a_Start' is present (Root cause: org.openqa.selenium.NoSuchWindowException: Unable to find elements on closed window
Build info: version: '3.7.1', revision: '8a0099a', time: '2017-11-06T21:07:36.161Z'
System info: host: 'JENKINS', ip: '192.168.10.15', os.name: 'Windows Server 2012 R2', os.arch: 'amd64', os.version: '6.3', java.version: '1.8.0_102'
Driver info: com.kms.katalon.selenium.driver.CInternetExplorerDriver
Capabilities {acceptInsecureCerts: false, browserName: internet explorer, browserVersion: 11, javascriptEnabled: true, pageLoadStrategy: normal, platform: WINDOWS, platformName: WINDOWS, se:ieOptions: {browserAttachTimeout: 0, elementScrollBehavior: 0, enablePersistentHover: true, ie.browserCommandLineSwitches: , ie.ensureCleanSession: false, ie.fileUploadDialogTimeout: 3000, ie.forceCreateProcessApi: false, ignoreProtectedModeSettings: false, ignoreZoomSetting: false, initialBrowserUrl: http://localhost:27522/, nativeEvents: true, requireWindowFocus: false}, setWindowRect: true}
Session ID: c85dedf6-bcbd-4d4f-ae8c-4de8c2e81c9f
*** Element info: {Using=xpath, value=//a[@href = '/en/' and (text() = 'Start' or . = 'Start')]})]]></system-out>
         <system-err><![CDATA[2018-04-08 14:09:12 - [TEST_CASE][FAILED] - Test Cases/New Test Case (1): Test Cases/New Test Case (1) FAILED because (of) Unable to verify object 'Object Repository/Test/Page_Alloy - collaboration communic/a_Start' is present (Root cause: org.openqa.selenium.NoSuchWindowException: Unable to find elements on closed window
Build info: version: '3.7.1', revision: '8a0099a', time: '2017-11-06T21:07:36.161Z'
System info: host: 'JENKINS', ip: '192.168.10.15', os.name: 'Windows Server 2012 R2', os.arch: 'amd64', os.version: '6.3', java.version: '1.8.0_102'
Driver info: com.kms.katalon.selenium.driver.CInternetExplorerDriver
Capabilities {acceptInsecureCerts: false, browserName: internet explorer, browserVersion: 11, javascriptEnabled: true, pageLoadStrategy: normal, platform: WINDOWS, platformName: WINDOWS, se:ieOptions: {browserAttachTimeout: 0, elementScrollBehavior: 0, enablePersistentHover: true, ie.browserCommandLineSwitches: , ie.ensureCleanSession: false, ie.fileUploadDialogTimeout: 3000, ie.forceCreateProcessApi: false, ignoreProtectedModeSettings: false, ignoreZoomSetting: false, initialBrowserUrl: http://localhost:27522/, nativeEvents: true, requireWindowFocus: false}, setWindowRect: true}
Session ID: c85dedf6-bcbd-4d4f-ae8c-4de8c2e81c9f
*** Element info: {Using=xpath, value=//a[@href = '/en/' and (text() = 'Start' or . = 'Start')]})]]></system-err>
      </testcase>
      <system-out><![CDATA[2018-04-08 14:09:11 - [TEST_SUITE][FAILED] - New Test Suite: Test Cases/New Test Case (1) FAILED because (of) Unable to verify object 'Object Repository/Test/Page_Alloy - collaboration communic/a_Start' is present (Root cause: org.openqa.selenium.NoSuchWindowException: Unable to find elements on closed window
Build info: version: '3.7.1', revision: '8a0099a', time: '2017-11-06T21:07:36.161Z'
System info: host: 'JENKINS', ip: '192.168.10.15', os.name: 'Windows Server 2012 R2', os.arch: 'amd64', os.version: '6.3', java.version: '1.8.0_102'
Driver info: com.kms.katalon.selenium.driver.CInternetExplorerDriver
Capabilities {acceptInsecureCerts: false, browserName: internet explorer, browserVersion: 11, javascriptEnabled: true, pageLoadStrategy: normal, platform: WINDOWS, platformName: WINDOWS, se:ieOptions: {browserAttachTimeout: 0, elementScrollBehavior: 0, enablePersistentHover: true, ie.browserCommandLineSwitches: , ie.ensureCleanSession: false, ie.fileUploadDialogTimeout: 3000, ie.forceCreateProcessApi: false, ignoreProtectedModeSettings: false, ignoreZoomSetting: false, initialBrowserUrl: http://localhost:27522/, nativeEvents: true, requireWindowFocus: false}, setWindowRect: true}
Session ID: c85dedf6-bcbd-4d4f-ae8c-4de8c2e81c9f
*** Element info: {Using=xpath, value=//a[@href = '/en/' and (text() = 'Start' or . = 'Start')]})]]></system-out>
      <system-err><![CDATA[2018-04-08 14:09:11 - [TEST_SUITE][FAILED] - New Test Suite: Test Cases/New Test Case (1) FAILED because (of) Unable to verify object 'Object Repository/Test/Page_Alloy - collaboration communic/a_Start' is present (Root cause: org.openqa.selenium.NoSuchWindowException: Unable to find elements on closed window
Build info: version: '3.7.1', revision: '8a0099a', time: '2017-11-06T21:07:36.161Z'
System info: host: 'JENKINS', ip: '192.168.10.15', os.name: 'Windows Server 2012 R2', os.arch: 'amd64', os.version: '6.3', java.version: '1.8.0_102'
Driver info: com.kms.katalon.selenium.driver.CInternetExplorerDriver
Capabilities {acceptInsecureCerts: false, browserName: internet explorer, browserVersion: 11, javascriptEnabled: true, pageLoadStrategy: normal, platform: WINDOWS, platformName: WINDOWS, se:ieOptions: {browserAttachTimeout: 0, elementScrollBehavior: 0, enablePersistentHover: true, ie.browserCommandLineSwitches: , ie.ensureCleanSession: false, ie.fileUploadDialogTimeout: 3000, ie.forceCreateProcessApi: false, ignoreProtectedModeSettings: false, ignoreZoomSetting: false, initialBrowserUrl: http://localhost:27522/, nativeEvents: true, requireWindowFocus: false}, setWindowRect: true}
Session ID: c85dedf6-bcbd-4d4f-ae8c-4de8c2e81c9f
*** Element info: {Using=xpath, value=//a[@href = '/en/' and (text() = 'Start' or . = 'Start')]})]]></system-err>
   </testsuite>
</testsuites>
