<?xml version="1.0" encoding="UTF-8"?>
<testsuites name="New Test Suite" time="27" tests="2" failures="1" errors="0">
   <testsuite name="New Test Suite" tests="2" failures="1" errors="0" time="27" timestamp="2018-04-11 11:16:18" hostname="Administrator - 192.168.10.15" id="Test Suites/New Test Suite">
      <properties>
         <property name="deviceName" value=""/>
         <property name="devicePlatform" value=""/>
         <property name="logFolder" value="C:\\Users\\Administrator\\Katalon Studio\\Test\\Reports\\New Test Suite\\20180411_111615"/>
         <property name="logFiles" value="C:\\Users\\Administrator\\Katalon Studio\\Test\\Reports\\New Test Suite\\20180411_111615\\execution0.log"/>
         <property name="attachments" value="C:\\Users\\Administrator\\Katalon Studio\\Test\\Reports\\New Test Suite\\20180411_111615\\1523438205213.png"/>
         <property name="hostName" value="Administrator - 192.168.10.15"/>
         <property name="os" value="Windows Server 2012 R2 64bit"/>
         <property name="katalonVersion" value="5.3.1.1"/>
         <property name="browser" value="Chrome 65.0.3325.181"/>
         <property name="hostAddress" value="192.168.10.15"/>
         <property name="sessionId" value="e3699b9ecefbb2b8ed1260bde9be0ad4"/>
         <property name="seleniumVersion" value="3.7.1"/>
         <property name="proxyInformation" value="ProxyInformation{proxyOption=NO_PROXY, proxyServerType=HTTP, password=, proxyServerAddress=, proxyServerPort=0}"/>
         <property name="platform" value="Windows Server 2012 R2"/>
      </properties>
      <testcase name="Test Cases/New Test Case (1)" classname="Test Cases/New Test Case (1)" status="PASSED">
         <system-out><![CDATA[2018-04-11 11:16:19 - [TEST_CASE][PASSED] - Test Cases/New Test Case (1): Test Cases/New Test Case (1)

2018-04-11 11:16:20 - [TEST_STEP][PASSED] - openBrowser: Browser is opened with url: ''

2018-04-11 11:16:25 - [MESSAGE][PASSED] - Browser is opened with url: ''

2018-04-11 11:16:25 - [TEST_STEP][PASSED] - navigateToUrl: Navigate to 'http://194.47.174.53/' successfully

2018-04-11 11:16:26 - [MESSAGE][PASSED] - Navigate to 'http://194.47.174.53/' successfully

2018-04-11 11:16:26 - [TEST_STEP][PASSED] - setViewPortSize: Viewport is set to new size with width = 1024 and height = 768

2018-04-11 11:16:27 - [MESSAGE][PASSED] - Viewport is set to new size with width = 1024 and height = 768

2018-04-11 11:16:27 - [TEST_STEP][PASSED] - click: Object: 'Object Repository/Test/Page_Alloy - collaboration communic/a_Alloy Plan' is clicked on

2018-04-11 11:16:30 - [MESSAGE][PASSED] - Object: 'Object Repository/Test/Page_Alloy - collaboration communic/a_Alloy Plan' is clicked on

2018-04-11 11:16:30 - [TEST_STEP][PASSED] - click: Object: 'Object Repository/Test/Page_Alloy - collaboration communic/a_Start' is clicked on

2018-04-11 11:16:30 - [MESSAGE][PASSED] - Object: 'Object Repository/Test/Page_Alloy - collaboration communic/a_Start' is clicked on

2018-04-11 11:16:30 - [TEST_STEP][PASSED] - click: Object: 'Object Repository/Test/Page_Alloy - collaboration communic/h1_Wherever you meet' is clicked on

2018-04-11 11:16:30 - [MESSAGE][PASSED] - Object: 'Object Repository/Test/Page_Alloy - collaboration communic/h1_Wherever you meet' is clicked on

2018-04-11 11:16:30 - [TEST_STEP][PASSED] - closeBrowser: Browser is closed

2018-04-11 11:16:31 - [MESSAGE][PASSED] - Browser is closed

2018-04-11 11:16:31 - [TEST_STEP][PASSED] - openBrowser: Browser is opened with url: ''

2018-04-11 11:16:33 - [MESSAGE][PASSED] - Browser is opened with url: ''

2018-04-11 11:16:33 - [TEST_STEP][PASSED] - navigateToUrl: Navigate to 'http://194.47.174.53/' successfully

2018-04-11 11:16:34 - [MESSAGE][PASSED] - Navigate to 'http://194.47.174.53/' successfully

2018-04-11 11:16:34 - [TEST_STEP][PASSED] - click: Object: 'Object Repository/Page_Alloy - collaboration communic/a_About us' is clicked on

2018-04-11 11:16:35 - [MESSAGE][PASSED] - Object: 'Object Repository/Page_Alloy - collaboration communic/a_About us' is clicked on

2018-04-11 11:16:35 - [TEST_STEP][PASSED] - verifyElementPresent: Object 'Object Repository/Page_Alloy - collaboration communic/a_About us' is present

2018-04-11 11:16:35 - [MESSAGE][WARNING] - Timeout '0' is invalid. Using default page load timeout: '30'

2018-04-11 11:16:35 - [MESSAGE][PASSED] - Object 'Object Repository/Page_Alloy - collaboration communic/a_About us' is present

2018-04-11 11:16:35 - [TEST_STEP][PASSED] - click: Object: 'Object Repository/Page_About Alloy Inc - NOT FOR COMM/p_Alloy improves the effective' is clicked on

2018-04-11 11:16:35 - [MESSAGE][PASSED] - Object: 'Object Repository/Page_About Alloy Inc - NOT FOR COMM/p_Alloy improves the effective' is clicked on

2018-04-11 11:16:35 - [TEST_STEP][PASSED] - closeBrowser: Browser is closed

2018-04-11 11:16:36 - [MESSAGE][PASSED] - Browser is closed]]></system-out>
         <system-err><![CDATA[]]></system-err>
      </testcase>
      <testcase name="Test Cases/New Test Case (2)" classname="Test Cases/New Test Case (2)" status="PASSED">
         <system-out><![CDATA[2018-04-11 11:16:36 - [TEST_CASE][PASSED] - Test Cases/New Test Case (2): Test Cases/New Test Case (2)

2018-04-11 11:16:36 - [TEST_STEP][PASSED] - openBrowser: Browser is opened with url: ''

2018-04-11 11:16:38 - [MESSAGE][PASSED] - Browser is opened with url: ''

2018-04-11 11:16:38 - [TEST_STEP][PASSED] - navigateToUrl: Navigate to 'http://194.47.174.53/' successfully

2018-04-11 11:16:40 - [MESSAGE][PASSED] - Navigate to 'http://194.47.174.53/' successfully

2018-04-11 11:16:40 - [TEST_STEP][PASSED] - click: Object: 'Object Repository/nyttest/Page_Alloy - collaboration communic/a_About us' is clicked on

2018-04-11 11:16:40 - [MESSAGE][PASSED] - Object: 'Object Repository/nyttest/Page_Alloy - collaboration communic/a_About us' is clicked on

2018-04-11 11:16:40 - [TEST_STEP][PASSED] - verifyElementPresent: Object 'Object Repository/nyttest/Page_About Alloy Inc - NOT FOR COMM/h1_About us' is present

2018-04-11 11:16:40 - [MESSAGE][WARNING] - Timeout '0' is invalid. Using default page load timeout: '30'

2018-04-11 11:16:40 - [MESSAGE][PASSED] - Object 'Object Repository/nyttest/Page_About Alloy Inc - NOT FOR COMM/h1_About us' is present

2018-04-11 11:16:40 - [TEST_STEP][PASSED] - verifyElementPresent: Object 'Object Repository/nyttest/Page_About Alloy Inc - NOT FOR COMM/p_Alloy improves the effective' is present

2018-04-11 11:16:40 - [MESSAGE][WARNING] - Timeout '0' is invalid. Using default page load timeout: '30'

2018-04-11 11:16:40 - [MESSAGE][PASSED] - Object 'Object Repository/nyttest/Page_About Alloy Inc - NOT FOR COMM/p_Alloy improves the effective' is present

2018-04-11 11:16:40 - [TEST_STEP][PASSED] - closeBrowser: Browser is closed

2018-04-11 11:16:41 - [MESSAGE][PASSED] - Browser is closed]]></system-out>
         <system-err><![CDATA[]]></system-err>
      </testcase>
      <testcase name="Test Cases/New Test Case (3)" classname="Test Cases/New Test Case (3)" status="FAILED">
         <failure type="FAILED" message="Unable to click on object 'Object Repository/Page_Alloy - collaboration communic (1)/h1_Wherever you meet' (Root cause: org.openqa.selenium.WebDriverException: unknown error: Element &lt;h1 class=&quot;jumbotron&quot;>...&lt;/h1> is not clickable at point (668, 246). Other element would receive the click: &lt;div>...&lt;/div>
  (Session info: chrome=65.0.3325.181)
  (Driver info: chromedriver=2.35.528161 (5b82f2d2aae0ca24b877009200ced9065a772e73),platform=Windows NT 6.3.9600 x86_64) (WARNING: The server did not provide any stacktrace information)
Command duration or timeout: 0 milliseconds
Build info: version: '3.7.1', revision: '8a0099a', time: '2017-11-06T21:07:36.161Z'
System info: host: 'JENKINS', ip: '192.168.10.15', os.name: 'Windows Server 2012 R2', os.arch: 'amd64', os.version: '6.3', java.version: '1.8.0_102'
Driver info: com.kms.katalon.selenium.driver.CChromeDriver
Capabilities {acceptInsecureCerts: false, acceptSslCerts: false, applicationCacheEnabled: false, browserConnectionEnabled: false, browserName: chrome, chrome: {chromedriverVersion: 2.35.528161 (5b82f2d2aae0ca..., userDataDir: C:\Users\ADMINI~1\AppData\L...}, cssSelectorsEnabled: true, databaseEnabled: false, handlesAlerts: true, hasTouchScreen: false, javascriptEnabled: true, locationContextEnabled: true, mobileEmulationEnabled: false, nativeEvents: true, networkConnectionEnabled: false, pageLoadStrategy: normal, platform: XP, platformName: XP, rotatable: false, setWindowRect: true, takesHeapSnapshot: true, takesScreenshot: true, unexpectedAlertBehaviour: , unhandledPromptBehavior: , version: 65.0.3325.181, webStorageEnabled: true}
Session ID: e3699b9ecefbb2b8ed1260bde9be0ad4)"/>
         <system-out><![CDATA[2018-04-11 11:16:41 - [TEST_CASE][FAILED] - Test Cases/New Test Case (3): Test Cases/New Test Case (3) FAILED because (of) Unable to click on object 'Object Repository/Page_Alloy - collaboration communic (1)/h1_Wherever you meet' (Root cause: org.openqa.selenium.WebDriverException: unknown error: Element <h1 class="jumbotron">...</h1> is not clickable at point (668, 246). Other element would receive the click: <div>...</div>
  (Session info: chrome=65.0.3325.181)
  (Driver info: chromedriver=2.35.528161 (5b82f2d2aae0ca24b877009200ced9065a772e73),platform=Windows NT 6.3.9600 x86_64) (WARNING: The server did not provide any stacktrace information)
Command duration or timeout: 0 milliseconds
Build info: version: '3.7.1', revision: '8a0099a', time: '2017-11-06T21:07:36.161Z'
System info: host: 'JENKINS', ip: '192.168.10.15', os.name: 'Windows Server 2012 R2', os.arch: 'amd64', os.version: '6.3', java.version: '1.8.0_102'
Driver info: com.kms.katalon.selenium.driver.CChromeDriver
Capabilities {acceptInsecureCerts: false, acceptSslCerts: false, applicationCacheEnabled: false, browserConnectionEnabled: false, browserName: chrome, chrome: {chromedriverVersion: 2.35.528161 (5b82f2d2aae0ca..., userDataDir: C:\Users\ADMINI~1\AppData\L...}, cssSelectorsEnabled: true, databaseEnabled: false, handlesAlerts: true, hasTouchScreen: false, javascriptEnabled: true, locationContextEnabled: true, mobileEmulationEnabled: false, nativeEvents: true, networkConnectionEnabled: false, pageLoadStrategy: normal, platform: XP, platformName: XP, rotatable: false, setWindowRect: true, takesHeapSnapshot: true, takesScreenshot: true, unexpectedAlertBehaviour: , unhandledPromptBehavior: , version: 65.0.3325.181, webStorageEnabled: true}
Session ID: e3699b9ecefbb2b8ed1260bde9be0ad4)

2018-04-11 11:16:41 - [TEST_STEP][PASSED] - openBrowser: Browser is opened with url: ''

2018-04-11 11:16:44 - [MESSAGE][PASSED] - Browser is opened with url: ''

2018-04-11 11:16:44 - [TEST_STEP][PASSED] - navigateToUrl: Navigate to 'http://194.47.174.53/' successfully

2018-04-11 11:16:44 - [MESSAGE][PASSED] - Navigate to 'http://194.47.174.53/' successfully

2018-04-11 11:16:44 - [TEST_STEP][PASSED] - click: Object: 'Object Repository/Page_Alloy - collaboration communic (1)/div_There is a license error o' is clicked on

2018-04-11 11:16:44 - [MESSAGE][PASSED] - Object: 'Object Repository/Page_Alloy - collaboration communic (1)/div_There is a license error o' is clicked on

2018-04-11 11:16:44 - [TEST_STEP][FAILED] - click: Unable to click on object 'Object Repository/Page_Alloy - collaboration communic (1)/h1_Wherever you meet' (Root cause: org.openqa.selenium.WebDriverException: unknown error: Element <h1 class="jumbotron">...</h1> is not clickable at point (668, 246). Other element would receive the click: <div>...</div>
  (Session info: chrome=65.0.3325.181)
  (Driver info: chromedriver=2.35.528161 (5b82f2d2aae0ca24b877009200ced9065a772e73),platform=Windows NT 6.3.9600 x86_64) (WARNING: The server did not provide any stacktrace information)
Command duration or timeout: 0 milliseconds
Build info: version: '3.7.1', revision: '8a0099a', time: '2017-11-06T21:07:36.161Z'
System info: host: 'JENKINS', ip: '192.168.10.15', os.name: 'Windows Server 2012 R2', os.arch: 'amd64', os.version: '6.3', java.version: '1.8.0_102'
Driver info: com.kms.katalon.selenium.driver.CChromeDriver
Capabilities {acceptInsecureCerts: false, acceptSslCerts: false, applicationCacheEnabled: false, browserConnectionEnabled: false, browserName: chrome, chrome: {chromedriverVersion: 2.35.528161 (5b82f2d2aae0ca..., userDataDir: C:\Users\ADMINI~1\AppData\L...}, cssSelectorsEnabled: true, databaseEnabled: false, handlesAlerts: true, hasTouchScreen: false, javascriptEnabled: true, locationContextEnabled: true, mobileEmulationEnabled: false, nativeEvents: true, networkConnectionEnabled: false, pageLoadStrategy: normal, platform: XP, platformName: XP, rotatable: false, setWindowRect: true, takesHeapSnapshot: true, takesScreenshot: true, unexpectedAlertBehaviour: , unhandledPromptBehavior: , version: 65.0.3325.181, webStorageEnabled: true}
Session ID: e3699b9ecefbb2b8ed1260bde9be0ad4)

2018-04-11 11:16:45 - [MESSAGE][FAILED] - Unable to click on object 'Object Repository/Page_Alloy - collaboration communic (1)/h1_Wherever you meet' (Root cause: org.openqa.selenium.WebDriverException: unknown error: Element <h1 class="jumbotron">...</h1> is not clickable at point (668, 246). Other element would receive the click: <div>...</div>
  (Session info: chrome=65.0.3325.181)
  (Driver info: chromedriver=2.35.528161 (5b82f2d2aae0ca24b877009200ced9065a772e73),platform=Windows NT 6.3.9600 x86_64) (WARNING: The server did not provide any stacktrace information)
Command duration or timeout: 0 milliseconds
Build info: version: '3.7.1', revision: '8a0099a', time: '2017-11-06T21:07:36.161Z'
System info: host: 'JENKINS', ip: '192.168.10.15', os.name: 'Windows Server 2012 R2', os.arch: 'amd64', os.version: '6.3', java.version: '1.8.0_102'
Driver info: com.kms.katalon.selenium.driver.CChromeDriver
Capabilities {acceptInsecureCerts: false, acceptSslCerts: false, applicationCacheEnabled: false, browserConnectionEnabled: false, browserName: chrome, chrome: {chromedriverVersion: 2.35.528161 (5b82f2d2aae0ca..., userDataDir: C:\Users\ADMINI~1\AppData\L...}, cssSelectorsEnabled: true, databaseEnabled: false, handlesAlerts: true, hasTouchScreen: false, javascriptEnabled: true, locationContextEnabled: true, mobileEmulationEnabled: false, nativeEvents: true, networkConnectionEnabled: false, pageLoadStrategy: normal, platform: XP, platformName: XP, rotatable: false, setWindowRect: true, takesHeapSnapshot: true, takesScreenshot: true, unexpectedAlertBehaviour: , unhandledPromptBehavior: , version: 65.0.3325.181, webStorageEnabled: true}
Session ID: e3699b9ecefbb2b8ed1260bde9be0ad4)
[[ATTACHMENT|C:\\Users\\Administrator\\Katalon Studio\\Test\\Reports\\New Test Suite\\20180411_111615\\1523438205213.png]]]]></system-out>
         <system-err><![CDATA[2018-04-11 11:16:41 - [TEST_CASE][FAILED] - Test Cases/New Test Case (3): Test Cases/New Test Case (3) FAILED because (of) Unable to click on object 'Object Repository/Page_Alloy - collaboration communic (1)/h1_Wherever you meet' (Root cause: org.openqa.selenium.WebDriverException: unknown error: Element <h1 class="jumbotron">...</h1> is not clickable at point (668, 246). Other element would receive the click: <div>...</div>
  (Session info: chrome=65.0.3325.181)
  (Driver info: chromedriver=2.35.528161 (5b82f2d2aae0ca24b877009200ced9065a772e73),platform=Windows NT 6.3.9600 x86_64) (WARNING: The server did not provide any stacktrace information)
Command duration or timeout: 0 milliseconds
Build info: version: '3.7.1', revision: '8a0099a', time: '2017-11-06T21:07:36.161Z'
System info: host: 'JENKINS', ip: '192.168.10.15', os.name: 'Windows Server 2012 R2', os.arch: 'amd64', os.version: '6.3', java.version: '1.8.0_102'
Driver info: com.kms.katalon.selenium.driver.CChromeDriver
Capabilities {acceptInsecureCerts: false, acceptSslCerts: false, applicationCacheEnabled: false, browserConnectionEnabled: false, browserName: chrome, chrome: {chromedriverVersion: 2.35.528161 (5b82f2d2aae0ca..., userDataDir: C:\Users\ADMINI~1\AppData\L...}, cssSelectorsEnabled: true, databaseEnabled: false, handlesAlerts: true, hasTouchScreen: false, javascriptEnabled: true, locationContextEnabled: true, mobileEmulationEnabled: false, nativeEvents: true, networkConnectionEnabled: false, pageLoadStrategy: normal, platform: XP, platformName: XP, rotatable: false, setWindowRect: true, takesHeapSnapshot: true, takesScreenshot: true, unexpectedAlertBehaviour: , unhandledPromptBehavior: , version: 65.0.3325.181, webStorageEnabled: true}
Session ID: e3699b9ecefbb2b8ed1260bde9be0ad4)]]></system-err>
      </testcase>
      <system-out><![CDATA[2018-04-11 11:16:18 - [TEST_SUITE][FAILED] - New Test Suite: Test Cases/New Test Case (3) FAILED because (of) Unable to click on object 'Object Repository/Page_Alloy - collaboration communic (1)/h1_Wherever you meet' (Root cause: org.openqa.selenium.WebDriverException: unknown error: Element <h1 class="jumbotron">...</h1> is not clickable at point (668, 246). Other element would receive the click: <div>...</div>
  (Session info: chrome=65.0.3325.181)
  (Driver info: chromedriver=2.35.528161 (5b82f2d2aae0ca24b877009200ced9065a772e73),platform=Windows NT 6.3.9600 x86_64) (WARNING: The server did not provide any stacktrace information)
Command duration or timeout: 0 milliseconds
Build info: version: '3.7.1', revision: '8a0099a', time: '2017-11-06T21:07:36.161Z'
System info: host: 'JENKINS', ip: '192.168.10.15', os.name: 'Windows Server 2012 R2', os.arch: 'amd64', os.version: '6.3', java.version: '1.8.0_102'
Driver info: com.kms.katalon.selenium.driver.CChromeDriver
Capabilities {acceptInsecureCerts: false, acceptSslCerts: false, applicationCacheEnabled: false, browserConnectionEnabled: false, browserName: chrome, chrome: {chromedriverVersion: 2.35.528161 (5b82f2d2aae0ca..., userDataDir: C:\Users\ADMINI~1\AppData\L...}, cssSelectorsEnabled: true, databaseEnabled: false, handlesAlerts: true, hasTouchScreen: false, javascriptEnabled: true, locationContextEnabled: true, mobileEmulationEnabled: false, nativeEvents: true, networkConnectionEnabled: false, pageLoadStrategy: normal, platform: XP, platformName: XP, rotatable: false, setWindowRect: true, takesHeapSnapshot: true, takesScreenshot: true, unexpectedAlertBehaviour: , unhandledPromptBehavior: , version: 65.0.3325.181, webStorageEnabled: true}
Session ID: e3699b9ecefbb2b8ed1260bde9be0ad4)]]></system-out>
      <system-err><![CDATA[2018-04-11 11:16:18 - [TEST_SUITE][FAILED] - New Test Suite: Test Cases/New Test Case (3) FAILED because (of) Unable to click on object 'Object Repository/Page_Alloy - collaboration communic (1)/h1_Wherever you meet' (Root cause: org.openqa.selenium.WebDriverException: unknown error: Element <h1 class="jumbotron">...</h1> is not clickable at point (668, 246). Other element would receive the click: <div>...</div>
  (Session info: chrome=65.0.3325.181)
  (Driver info: chromedriver=2.35.528161 (5b82f2d2aae0ca24b877009200ced9065a772e73),platform=Windows NT 6.3.9600 x86_64) (WARNING: The server did not provide any stacktrace information)
Command duration or timeout: 0 milliseconds
Build info: version: '3.7.1', revision: '8a0099a', time: '2017-11-06T21:07:36.161Z'
System info: host: 'JENKINS', ip: '192.168.10.15', os.name: 'Windows Server 2012 R2', os.arch: 'amd64', os.version: '6.3', java.version: '1.8.0_102'
Driver info: com.kms.katalon.selenium.driver.CChromeDriver
Capabilities {acceptInsecureCerts: false, acceptSslCerts: false, applicationCacheEnabled: false, browserConnectionEnabled: false, browserName: chrome, chrome: {chromedriverVersion: 2.35.528161 (5b82f2d2aae0ca..., userDataDir: C:\Users\ADMINI~1\AppData\L...}, cssSelectorsEnabled: true, databaseEnabled: false, handlesAlerts: true, hasTouchScreen: false, javascriptEnabled: true, locationContextEnabled: true, mobileEmulationEnabled: false, nativeEvents: true, networkConnectionEnabled: false, pageLoadStrategy: normal, platform: XP, platformName: XP, rotatable: false, setWindowRect: true, takesHeapSnapshot: true, takesScreenshot: true, unexpectedAlertBehaviour: , unhandledPromptBehavior: , version: 65.0.3325.181, webStorageEnabled: true}
Session ID: e3699b9ecefbb2b8ed1260bde9be0ad4)]]></system-err>
   </testsuite>
</testsuites>
