<?xml version="1.0" encoding="UTF-8"?>
<testsuites name="New Test Suite" time="92" tests="1" failures="1" errors="0">
   <testsuite name="New Test Suite" tests="1" failures="1" errors="0" time="92" timestamp="2018-04-11 15:29:43" hostname="JENKINS$ - 192.168.10.15" id="Test Suites/New Test Suite">
      <properties>
         <property name="deviceName" value=""/>
         <property name="devicePlatform" value=""/>
         <property name="logFolder" value="C:\\Users\\Administrator\\Katalon Studio\\Test\\Reports\\New Test Suite\\20180411_152939"/>
         <property name="logFiles" value="C:\\Users\\Administrator\\Katalon Studio\\Test\\Reports\\New Test Suite\\20180411_152939\\execution0.log"/>
         <property name="attachments" value="C:\\Users\\Administrator\\Katalon Studio\\Test\\Reports\\New Test Suite\\20180411_152939\\1523453470173.png"/>
         <property name="hostName" value="JENKINS$ - 192.168.10.15"/>
         <property name="os" value="Windows Server 2012 R2 64bit"/>
         <property name="katalonVersion" value="5.3.1.1"/>
         <property name="browser" value="Chrome 65.0.3325.181"/>
         <property name="hostAddress" value="192.168.10.15"/>
         <property name="sessionId" value="72a846d0d8ebfb868c20900b4521b2a0"/>
         <property name="seleniumVersion" value="3.7.1"/>
         <property name="proxyInformation" value="ProxyInformation{proxyOption=NO_PROXY, proxyServerType=HTTP, password=, proxyServerAddress=, proxyServerPort=0}"/>
         <property name="platform" value="Windows Server 2012 R2"/>
      </properties>
      <testcase name="Test Cases/New Test Case (1)" classname="Test Cases/New Test Case (1)" status="FAILED">
         <failure type="FAILED" message="Unable to click on object 'Object Repository/Page_About Alloy Inc - NOT FOR COMM/p_Alloy improves the effective' (Root cause: org.openqa.selenium.WebDriverException: unknown error: Element &lt;p class=&quot;introduction&quot;>...&lt;/p> is not clickable at point (648, 344). Other element would receive the click: &lt;li>...&lt;/li>
  (Session info: chrome=65.0.3325.181)
  (Driver info: chromedriver=2.35.528161 (5b82f2d2aae0ca24b877009200ced9065a772e73),platform=Windows NT 6.3.9600 x86_64) (WARNING: The server did not provide any stacktrace information)
Command duration or timeout: 0 milliseconds
Build info: version: '3.7.1', revision: '8a0099a', time: '2017-11-06T21:07:36.161Z'
System info: host: 'JENKINS', ip: '192.168.10.15', os.name: 'Windows Server 2012 R2', os.arch: 'amd64', os.version: '6.3', java.version: '1.8.0_102'
Driver info: com.kms.katalon.selenium.driver.CChromeDriver
Capabilities {acceptInsecureCerts: false, acceptSslCerts: false, applicationCacheEnabled: false, browserConnectionEnabled: false, browserName: chrome, chrome: {chromedriverVersion: 2.35.528161 (5b82f2d2aae0ca..., userDataDir: C:\Windows\TEMP\scoped_dir4...}, cssSelectorsEnabled: true, databaseEnabled: false, handlesAlerts: true, hasTouchScreen: false, javascriptEnabled: true, locationContextEnabled: true, mobileEmulationEnabled: false, nativeEvents: true, networkConnectionEnabled: false, pageLoadStrategy: normal, platform: XP, platformName: XP, rotatable: false, setWindowRect: true, takesHeapSnapshot: true, takesScreenshot: true, unexpectedAlertBehaviour: , unhandledPromptBehavior: , version: 65.0.3325.181, webStorageEnabled: true}
Session ID: b7f16326518f0ffb1e90f4bd917783b3)"/>
         <system-out><![CDATA[2018-04-11 15:29:44 - [TEST_CASE][FAILED] - Test Cases/New Test Case (1): Test Cases/New Test Case (1) FAILED because (of) Unable to click on object 'Object Repository/Page_About Alloy Inc - NOT FOR COMM/p_Alloy improves the effective' (Root cause: org.openqa.selenium.WebDriverException: unknown error: Element <p class="introduction">...</p> is not clickable at point (648, 344). Other element would receive the click: <li>...</li>
  (Session info: chrome=65.0.3325.181)
  (Driver info: chromedriver=2.35.528161 (5b82f2d2aae0ca24b877009200ced9065a772e73),platform=Windows NT 6.3.9600 x86_64) (WARNING: The server did not provide any stacktrace information)
Command duration or timeout: 0 milliseconds
Build info: version: '3.7.1', revision: '8a0099a', time: '2017-11-06T21:07:36.161Z'
System info: host: 'JENKINS', ip: '192.168.10.15', os.name: 'Windows Server 2012 R2', os.arch: 'amd64', os.version: '6.3', java.version: '1.8.0_102'
Driver info: com.kms.katalon.selenium.driver.CChromeDriver
Capabilities {acceptInsecureCerts: false, acceptSslCerts: false, applicationCacheEnabled: false, browserConnectionEnabled: false, browserName: chrome, chrome: {chromedriverVersion: 2.35.528161 (5b82f2d2aae0ca..., userDataDir: C:\Windows\TEMP\scoped_dir4...}, cssSelectorsEnabled: true, databaseEnabled: false, handlesAlerts: true, hasTouchScreen: false, javascriptEnabled: true, locationContextEnabled: true, mobileEmulationEnabled: false, nativeEvents: true, networkConnectionEnabled: false, pageLoadStrategy: normal, platform: XP, platformName: XP, rotatable: false, setWindowRect: true, takesHeapSnapshot: true, takesScreenshot: true, unexpectedAlertBehaviour: , unhandledPromptBehavior: , version: 65.0.3325.181, webStorageEnabled: true}
Session ID: b7f16326518f0ffb1e90f4bd917783b3)

2018-04-11 15:29:45 - [TEST_STEP][PASSED] - openBrowser: Browser is opened with url: ''

2018-04-11 15:29:50 - [MESSAGE][PASSED] - Browser is opened with url: ''

2018-04-11 15:29:50 - [TEST_STEP][PASSED] - navigateToUrl: Navigate to 'http://194.47.174.53/' successfully

2018-04-11 15:30:39 - [MESSAGE][PASSED] - Navigate to 'http://194.47.174.53/' successfully

2018-04-11 15:30:39 - [TEST_STEP][PASSED] - setViewPortSize: Viewport is set to new size with width = 1024 and height = 768

2018-04-11 15:30:40 - [MESSAGE][PASSED] - Viewport is set to new size with width = 1024 and height = 768

2018-04-11 15:30:40 - [TEST_STEP][PASSED] - click: Object: 'Object Repository/Test/Page_Alloy - collaboration communic/a_Alloy Plan' is clicked on

2018-04-11 15:31:00 - [MESSAGE][PASSED] - Object: 'Object Repository/Test/Page_Alloy - collaboration communic/a_Alloy Plan' is clicked on

2018-04-11 15:31:00 - [TEST_STEP][PASSED] - click: Object: 'Object Repository/Test/Page_Alloy - collaboration communic/a_Start' is clicked on

2018-04-11 15:31:01 - [MESSAGE][PASSED] - Object: 'Object Repository/Test/Page_Alloy - collaboration communic/a_Start' is clicked on

2018-04-11 15:31:01 - [TEST_STEP][PASSED] - click: Object: 'Object Repository/Test/Page_Alloy - collaboration communic/h1_Wherever you meet' is clicked on

2018-04-11 15:31:01 - [MESSAGE][PASSED] - Object: 'Object Repository/Test/Page_Alloy - collaboration communic/h1_Wherever you meet' is clicked on

2018-04-11 15:31:01 - [TEST_STEP][PASSED] - closeBrowser: Browser is closed

2018-04-11 15:31:02 - [MESSAGE][PASSED] - Browser is closed

2018-04-11 15:31:02 - [TEST_STEP][PASSED] - openBrowser: Browser is opened with url: ''

2018-04-11 15:31:04 - [MESSAGE][PASSED] - Browser is opened with url: ''

2018-04-11 15:31:04 - [TEST_STEP][PASSED] - navigateToUrl: Navigate to 'http://194.47.174.53/' successfully

2018-04-11 15:31:05 - [MESSAGE][PASSED] - Navigate to 'http://194.47.174.53/' successfully

2018-04-11 15:31:05 - [TEST_STEP][PASSED] - click: Object: 'Object Repository/Page_Alloy - collaboration communic/a_About us' is clicked on

2018-04-11 15:31:09 - [MESSAGE][PASSED] - Object: 'Object Repository/Page_Alloy - collaboration communic/a_About us' is clicked on

2018-04-11 15:31:09 - [TEST_STEP][PASSED] - verifyElementPresent: Object 'Object Repository/Page_Alloy - collaboration communic/a_About us' is present

2018-04-11 15:31:09 - [MESSAGE][WARNING] - Timeout '0' is invalid. Using default page load timeout: '30'

2018-04-11 15:31:09 - [MESSAGE][PASSED] - Object 'Object Repository/Page_Alloy - collaboration communic/a_About us' is present

2018-04-11 15:31:09 - [TEST_STEP][FAILED] - click: Unable to click on object 'Object Repository/Page_About Alloy Inc - NOT FOR COMM/p_Alloy improves the effective' (Root cause: org.openqa.selenium.WebDriverException: unknown error: Element <p class="introduction">...</p> is not clickable at point (648, 344). Other element would receive the click: <li>...</li>
  (Session info: chrome=65.0.3325.181)
  (Driver info: chromedriver=2.35.528161 (5b82f2d2aae0ca24b877009200ced9065a772e73),platform=Windows NT 6.3.9600 x86_64) (WARNING: The server did not provide any stacktrace information)
Command duration or timeout: 0 milliseconds
Build info: version: '3.7.1', revision: '8a0099a', time: '2017-11-06T21:07:36.161Z'
System info: host: 'JENKINS', ip: '192.168.10.15', os.name: 'Windows Server 2012 R2', os.arch: 'amd64', os.version: '6.3', java.version: '1.8.0_102'
Driver info: com.kms.katalon.selenium.driver.CChromeDriver
Capabilities {acceptInsecureCerts: false, acceptSslCerts: false, applicationCacheEnabled: false, browserConnectionEnabled: false, browserName: chrome, chrome: {chromedriverVersion: 2.35.528161 (5b82f2d2aae0ca..., userDataDir: C:\Windows\TEMP\scoped_dir4...}, cssSelectorsEnabled: true, databaseEnabled: false, handlesAlerts: true, hasTouchScreen: false, javascriptEnabled: true, locationContextEnabled: true, mobileEmulationEnabled: false, nativeEvents: true, networkConnectionEnabled: false, pageLoadStrategy: normal, platform: XP, platformName: XP, rotatable: false, setWindowRect: true, takesHeapSnapshot: true, takesScreenshot: true, unexpectedAlertBehaviour: , unhandledPromptBehavior: , version: 65.0.3325.181, webStorageEnabled: true}
Session ID: b7f16326518f0ffb1e90f4bd917783b3)

2018-04-11 15:31:10 - [MESSAGE][FAILED] - Unable to click on object 'Object Repository/Page_About Alloy Inc - NOT FOR COMM/p_Alloy improves the effective' (Root cause: org.openqa.selenium.WebDriverException: unknown error: Element <p class="introduction">...</p> is not clickable at point (648, 344). Other element would receive the click: <li>...</li>
  (Session info: chrome=65.0.3325.181)
  (Driver info: chromedriver=2.35.528161 (5b82f2d2aae0ca24b877009200ced9065a772e73),platform=Windows NT 6.3.9600 x86_64) (WARNING: The server did not provide any stacktrace information)
Command duration or timeout: 0 milliseconds
Build info: version: '3.7.1', revision: '8a0099a', time: '2017-11-06T21:07:36.161Z'
System info: host: 'JENKINS', ip: '192.168.10.15', os.name: 'Windows Server 2012 R2', os.arch: 'amd64', os.version: '6.3', java.version: '1.8.0_102'
Driver info: com.kms.katalon.selenium.driver.CChromeDriver
Capabilities {acceptInsecureCerts: false, acceptSslCerts: false, applicationCacheEnabled: false, browserConnectionEnabled: false, browserName: chrome, chrome: {chromedriverVersion: 2.35.528161 (5b82f2d2aae0ca..., userDataDir: C:\Windows\TEMP\scoped_dir4...}, cssSelectorsEnabled: true, databaseEnabled: false, handlesAlerts: true, hasTouchScreen: false, javascriptEnabled: true, locationContextEnabled: true, mobileEmulationEnabled: false, nativeEvents: true, networkConnectionEnabled: false, pageLoadStrategy: normal, platform: XP, platformName: XP, rotatable: false, setWindowRect: true, takesHeapSnapshot: true, takesScreenshot: true, unexpectedAlertBehaviour: , unhandledPromptBehavior: , version: 65.0.3325.181, webStorageEnabled: true}
Session ID: b7f16326518f0ffb1e90f4bd917783b3)
[[ATTACHMENT|C:\\Users\\Administrator\\Katalon Studio\\Test\\Reports\\New Test Suite\\20180411_152939\\1523453470173.png]]]]></system-out>
         <system-err><![CDATA[2018-04-11 15:29:44 - [TEST_CASE][FAILED] - Test Cases/New Test Case (1): Test Cases/New Test Case (1) FAILED because (of) Unable to click on object 'Object Repository/Page_About Alloy Inc - NOT FOR COMM/p_Alloy improves the effective' (Root cause: org.openqa.selenium.WebDriverException: unknown error: Element <p class="introduction">...</p> is not clickable at point (648, 344). Other element would receive the click: <li>...</li>
  (Session info: chrome=65.0.3325.181)
  (Driver info: chromedriver=2.35.528161 (5b82f2d2aae0ca24b877009200ced9065a772e73),platform=Windows NT 6.3.9600 x86_64) (WARNING: The server did not provide any stacktrace information)
Command duration or timeout: 0 milliseconds
Build info: version: '3.7.1', revision: '8a0099a', time: '2017-11-06T21:07:36.161Z'
System info: host: 'JENKINS', ip: '192.168.10.15', os.name: 'Windows Server 2012 R2', os.arch: 'amd64', os.version: '6.3', java.version: '1.8.0_102'
Driver info: com.kms.katalon.selenium.driver.CChromeDriver
Capabilities {acceptInsecureCerts: false, acceptSslCerts: false, applicationCacheEnabled: false, browserConnectionEnabled: false, browserName: chrome, chrome: {chromedriverVersion: 2.35.528161 (5b82f2d2aae0ca..., userDataDir: C:\Windows\TEMP\scoped_dir4...}, cssSelectorsEnabled: true, databaseEnabled: false, handlesAlerts: true, hasTouchScreen: false, javascriptEnabled: true, locationContextEnabled: true, mobileEmulationEnabled: false, nativeEvents: true, networkConnectionEnabled: false, pageLoadStrategy: normal, platform: XP, platformName: XP, rotatable: false, setWindowRect: true, takesHeapSnapshot: true, takesScreenshot: true, unexpectedAlertBehaviour: , unhandledPromptBehavior: , version: 65.0.3325.181, webStorageEnabled: true}
Session ID: b7f16326518f0ffb1e90f4bd917783b3)]]></system-err>
      </testcase>
      <testcase name="Test Cases/New Test Case (2)" classname="Test Cases/New Test Case (2)" status="PASSED">
         <system-out><![CDATA[2018-04-11 15:31:10 - [TEST_CASE][PASSED] - Test Cases/New Test Case (2): Test Cases/New Test Case (2)

2018-04-11 15:31:10 - [TEST_STEP][PASSED] - openBrowser: Browser is opened with url: ''

2018-04-11 15:31:10 - [MESSAGE][WARNING] - A browser is already opened. Closing browser and opening a new one

2018-04-11 15:31:13 - [MESSAGE][PASSED] - Browser is opened with url: ''

2018-04-11 15:31:13 - [TEST_STEP][PASSED] - navigateToUrl: Navigate to 'http://194.47.174.53/' successfully

2018-04-11 15:31:14 - [MESSAGE][PASSED] - Navigate to 'http://194.47.174.53/' successfully

2018-04-11 15:31:14 - [TEST_STEP][PASSED] - click: Object: 'Object Repository/nyttest/Page_Alloy - collaboration communic/a_About us' is clicked on

2018-04-11 15:31:15 - [MESSAGE][PASSED] - Object: 'Object Repository/nyttest/Page_Alloy - collaboration communic/a_About us' is clicked on

2018-04-11 15:31:15 - [TEST_STEP][PASSED] - verifyElementPresent: Object 'Object Repository/nyttest/Page_About Alloy Inc - NOT FOR COMM/h1_About us' is present

2018-04-11 15:31:15 - [MESSAGE][WARNING] - Timeout '0' is invalid. Using default page load timeout: '30'

2018-04-11 15:31:15 - [MESSAGE][PASSED] - Object 'Object Repository/nyttest/Page_About Alloy Inc - NOT FOR COMM/h1_About us' is present

2018-04-11 15:31:15 - [TEST_STEP][PASSED] - verifyElementPresent: Object 'Object Repository/nyttest/Page_About Alloy Inc - NOT FOR COMM/p_Alloy improves the effective' is present

2018-04-11 15:31:15 - [MESSAGE][WARNING] - Timeout '0' is invalid. Using default page load timeout: '30'

2018-04-11 15:31:15 - [MESSAGE][PASSED] - Object 'Object Repository/nyttest/Page_About Alloy Inc - NOT FOR COMM/p_Alloy improves the effective' is present

2018-04-11 15:31:15 - [TEST_STEP][PASSED] - closeBrowser: Browser is closed

2018-04-11 15:31:15 - [MESSAGE][PASSED] - Browser is closed]]></system-out>
         <system-err><![CDATA[]]></system-err>
      </testcase>
      <system-out><![CDATA[2018-04-11 15:29:43 - [TEST_SUITE][FAILED] - New Test Suite: Test Cases/New Test Case (1) FAILED because (of) Unable to click on object 'Object Repository/Page_About Alloy Inc - NOT FOR COMM/p_Alloy improves the effective' (Root cause: org.openqa.selenium.WebDriverException: unknown error: Element <p class="introduction">...</p> is not clickable at point (648, 344). Other element would receive the click: <li>...</li>
  (Session info: chrome=65.0.3325.181)
  (Driver info: chromedriver=2.35.528161 (5b82f2d2aae0ca24b877009200ced9065a772e73),platform=Windows NT 6.3.9600 x86_64) (WARNING: The server did not provide any stacktrace information)
Command duration or timeout: 0 milliseconds
Build info: version: '3.7.1', revision: '8a0099a', time: '2017-11-06T21:07:36.161Z'
System info: host: 'JENKINS', ip: '192.168.10.15', os.name: 'Windows Server 2012 R2', os.arch: 'amd64', os.version: '6.3', java.version: '1.8.0_102'
Driver info: com.kms.katalon.selenium.driver.CChromeDriver
Capabilities {acceptInsecureCerts: false, acceptSslCerts: false, applicationCacheEnabled: false, browserConnectionEnabled: false, browserName: chrome, chrome: {chromedriverVersion: 2.35.528161 (5b82f2d2aae0ca..., userDataDir: C:\Windows\TEMP\scoped_dir4...}, cssSelectorsEnabled: true, databaseEnabled: false, handlesAlerts: true, hasTouchScreen: false, javascriptEnabled: true, locationContextEnabled: true, mobileEmulationEnabled: false, nativeEvents: true, networkConnectionEnabled: false, pageLoadStrategy: normal, platform: XP, platformName: XP, rotatable: false, setWindowRect: true, takesHeapSnapshot: true, takesScreenshot: true, unexpectedAlertBehaviour: , unhandledPromptBehavior: , version: 65.0.3325.181, webStorageEnabled: true}
Session ID: b7f16326518f0ffb1e90f4bd917783b3)]]></system-out>
      <system-err><![CDATA[2018-04-11 15:29:43 - [TEST_SUITE][FAILED] - New Test Suite: Test Cases/New Test Case (1) FAILED because (of) Unable to click on object 'Object Repository/Page_About Alloy Inc - NOT FOR COMM/p_Alloy improves the effective' (Root cause: org.openqa.selenium.WebDriverException: unknown error: Element <p class="introduction">...</p> is not clickable at point (648, 344). Other element would receive the click: <li>...</li>
  (Session info: chrome=65.0.3325.181)
  (Driver info: chromedriver=2.35.528161 (5b82f2d2aae0ca24b877009200ced9065a772e73),platform=Windows NT 6.3.9600 x86_64) (WARNING: The server did not provide any stacktrace information)
Command duration or timeout: 0 milliseconds
Build info: version: '3.7.1', revision: '8a0099a', time: '2017-11-06T21:07:36.161Z'
System info: host: 'JENKINS', ip: '192.168.10.15', os.name: 'Windows Server 2012 R2', os.arch: 'amd64', os.version: '6.3', java.version: '1.8.0_102'
Driver info: com.kms.katalon.selenium.driver.CChromeDriver
Capabilities {acceptInsecureCerts: false, acceptSslCerts: false, applicationCacheEnabled: false, browserConnectionEnabled: false, browserName: chrome, chrome: {chromedriverVersion: 2.35.528161 (5b82f2d2aae0ca..., userDataDir: C:\Windows\TEMP\scoped_dir4...}, cssSelectorsEnabled: true, databaseEnabled: false, handlesAlerts: true, hasTouchScreen: false, javascriptEnabled: true, locationContextEnabled: true, mobileEmulationEnabled: false, nativeEvents: true, networkConnectionEnabled: false, pageLoadStrategy: normal, platform: XP, platformName: XP, rotatable: false, setWindowRect: true, takesHeapSnapshot: true, takesScreenshot: true, unexpectedAlertBehaviour: , unhandledPromptBehavior: , version: 65.0.3325.181, webStorageEnabled: true}
Session ID: b7f16326518f0ffb1e90f4bd917783b3)]]></system-err>
   </testsuite>
</testsuites>
